# JRE version: OpenJDK Runtime Environment (8.0_152-b01) (build 1.8.0_152-release-915-b01)
# Java VM: OpenJDK 64-Bit Server VM (25.152-b01 mixed mode windows-amd64 compressed oops)
Heap:
 PSYoungGen      total 236544K, used 165610K [0x00000000e0000000, 0x00000000eff80000, 0x0000000100000000)
  eden space 220672K, 67% used [0x00000000e0000000,0x00000000e9240ec8,0x00000000ed780000)
  from space 15872K, 99% used [0x00000000eec80000,0x00000000efbf9bf0,0x00000000efc00000)
  to   space 20480K, 0% used [0x00000000ed780000,0x00000000ed780000,0x00000000eeb80000)
 ParOldGen       total 157184K, used 58019K [0x00000000a0000000, 0x00000000a9980000, 0x00000000e0000000)
  object space 157184K, 36% used [0x00000000a0000000,0x00000000a38a8c20,0x00000000a9980000)
 Metaspace       used 65504K, capacity 68798K, committed 68952K, reserved 1107968K
  class space    used 8677K, capacity 9514K, committed 9600K, reserved 1048576K
GC Heap History (10 events):
Event: 29.482 GC heap before
{Heap before GC invocations=15 (full 2):
 PSYoungGen      total 152064K, used 146070K [0x00000000e0000000, 0x00000000ea180000, 0x0000000100000000)
  eden space 138752K, 100% used [0x00000000e0000000,0x00000000e8780000,0x00000000e8780000)
  from space 13312K, 54% used [0x00000000e9480000,0x00000000e9ba5848,0x00000000ea180000)
  to   space 13312K, 0% used [0x00000000e8780000,0x00000000e8780000,0x00000000e9480000)
 ParOldGen       total 92672K, used 29615K [0x00000000a0000000, 0x00000000a5a80000, 0x00000000e0000000)
  object space 92672K, 31% used [0x00000000a0000000,0x00000000a1cebc60,0x00000000a5a80000)
 Metaspace       used 55422K, capacity 57626K, committed 57816K, reserved 1099776K
  class space    used 7547K, capacity 8142K, committed 8192K, reserved 1048576K
Event: 29.510 GC heap after
Heap after GC invocations=15 (full 2):
 PSYoungGen      total 152064K, used 13312K [0x00000000e0000000, 0x00000000ed380000, 0x0000000100000000)
  eden space 138752K, 0% used [0x00000000e0000000,0x00000000e0000000,0x00000000e8780000)
  from space 13312K, 100% used [0x00000000e8780000,0x00000000e9480000,0x00000000e9480000)
  to   space 16384K, 0% used [0x00000000ec380000,0x00000000ec380000,0x00000000ed380000)
 ParOldGen       total 92672K, used 33655K [0x00000000a0000000, 0x00000000a5a80000, 0x00000000e0000000)
  object space 92672K, 36% used [0x00000000a0000000,0x00000000a20dde88,0x00000000a5a80000)
 Metaspace       used 55422K, capacity 57626K, committed 57816K, reserved 1099776K
  class space    used 7547K, capacity 8142K, committed 8192K, reserved 1048576K
}
Event: 31.165 GC heap before
{Heap before GC invocations=16 (full 2):
 PSYoungGen      total 152064K, used 92538K [0x00000000e0000000, 0x00000000ed380000, 0x0000000100000000)
  eden space 138752K, 57% used [0x00000000e0000000,0x00000000e4d5eb40,0x00000000e8780000)
  from space 13312K, 100% used [0x00000000e8780000,0x00000000e9480000,0x00000000e9480000)
  to   space 16384K, 0% used [0x00000000ec380000,0x00000000ec380000,0x00000000ed380000)
 ParOldGen       total 92672K, used 33655K [0x00000000a0000000, 0x00000000a5a80000, 0x00000000e0000000)
  object space 92672K, 36% used [0x00000000a0000000,0x00000000a20dde88,0x00000000a5a80000)
 Metaspace       used 56483K, capacity 58938K, committed 59028K, reserved 1099776K
  class space    used 7755K, capacity 8402K, committed 8448K, reserved 1048576K
Event: 31.209 GC heap after
Heap after GC invocations=16 (full 2):
 PSYoungGen      total 200192K, used 11200K [0x00000000e0000000, 0x00000000edb80000, 0x0000000100000000)
  eden space 183808K, 0% used [0x00000000e0000000,0x00000000e0000000,0x00000000eb380000)
  from space 16384K, 68% used [0x00000000ec380000,0x00000000ece70000,0x00000000ed380000)
  to   space 16384K, 0% used [0x00000000eb380000,0x00000000eb380000,0x00000000ec380000)
 ParOldGen       total 92672K, used 46621K [0x00000000a0000000, 0x00000000a5a80000, 0x00000000e0000000)
  object space 92672K, 50% used [0x00000000a0000000,0x00000000a2d876e8,0x00000000a5a80000)
 Metaspace       used 56483K, capacity 58938K, committed 59028K, reserved 1099776K
  class space    used 7755K, capacity 8402K, committed 8448K, reserved 1048576K
}
Event: 31.209 GC heap before
{Heap before GC invocations=17 (full 3):
 PSYoungGen      total 200192K, used 11200K [0x00000000e0000000, 0x00000000edb80000, 0x0000000100000000)
  eden space 183808K, 0% used [0x00000000e0000000,0x00000000e0000000,0x00000000eb380000)
  from space 16384K, 68% used [0x00000000ec380000,0x00000000ece70000,0x00000000ed380000)
  to   space 16384K, 0% used [0x00000000eb380000,0x00000000eb380000,0x00000000ec380000)
 ParOldGen       total 92672K, used 46621K [0x00000000a0000000, 0x00000000a5a80000, 0x00000000e0000000)
  object space 92672K, 50% used [0x00000000a0000000,0x00000000a2d876e8,0x00000000a5a80000)
 Metaspace       used 56483K, capacity 58938K, committed 59028K, reserved 1099776K
  class space    used 7755K, capacity 8402K, committed 8448K, reserved 1048576K
Event: 31.644 GC heap after
Heap after GC invocations=17 (full 3):
 PSYoungGen      total 200192K, used 0K [0x00000000e0000000, 0x00000000edb80000, 0x0000000100000000)
  eden space 183808K, 0% used [0x00000000e0000000,0x00000000e0000000,0x00000000eb380000)
  from space 16384K, 0% used [0x00000000ec380000,0x00000000ec380000,0x00000000ed380000)
  to   space 16384K, 0% used [0x00000000eb380000,0x00000000eb380000,0x00000000ec380000)
 ParOldGen       total 157184K, used 50904K [0x00000000a0000000, 0x00000000a9980000, 0x00000000e0000000)
  object space 157184K, 32% used [0x00000000a0000000,0x00000000a31b63f0,0x00000000a9980000)
 Metaspace       used 56483K, capacity 58938K, committed 59028K, reserved 1099776K
  class space    used 7755K, capacity 8402K, committed 8448K, reserved 1048576K
}
Event: 37.786 GC heap before
{Heap before GC invocations=18 (full 3):
 PSYoungGen      total 200192K, used 183808K [0x00000000e0000000, 0x00000000edb80000, 0x0000000100000000)
  eden space 183808K, 100% used [0x00000000e0000000,0x00000000eb380000,0x00000000eb380000)
  from space 16384K, 0% used [0x00000000ec380000,0x00000000ec380000,0x00000000ed380000)
  to   space 16384K, 0% used [0x00000000eb380000,0x00000000eb380000,0x00000000ec380000)
 ParOldGen       total 157184K, used 50904K [0x00000000a0000000, 0x00000000a9980000, 0x00000000e0000000)
  object space 157184K, 32% used [0x00000000a0000000,0x00000000a31b63f0,0x00000000a9980000)
 Metaspace       used 58559K, capacity 61330K, committed 61528K, reserved 1101824K
  class space    used 7977K, capacity 8720K, committed 8832K, reserved 1048576K
Event: 37.799 GC heap after
Heap after GC invocations=18 (full 3):
 PSYoungGen      total 200192K, used 9329K [0x00000000e0000000, 0x00000000efc00000, 0x0000000100000000)
  eden space 183808K, 0% used [0x00000000e0000000,0x00000000e0000000,0x00000000eb380000)
  from space 16384K, 56% used [0x00000000eb380000,0x00000000ebc9c490,0x00000000ec380000)
  to   space 15872K, 0% used [0x00000000eec80000,0x00000000eec80000,0x00000000efc00000)
 ParOldGen       total 157184K, used 50912K [0x00000000a0000000, 0x00000000a9980000, 0x00000000e0000000)
  object space 157184K, 32% used [0x00000000a0000000,0x00000000a31b83f0,0x00000000a9980000)
 Metaspace       used 58559K, capacity 61330K, committed 61528K, reserved 1101824K
  class space    used 7977K, capacity 8720K, committed 8832K, reserved 1048576K
}
Event: 52.695 GC heap before
{Heap before GC invocations=19 (full 3):
 PSYoungGen      total 200192K, used 193137K [0x00000000e0000000, 0x00000000efc00000, 0x0000000100000000)
  eden space 183808K, 100% used [0x00000000e0000000,0x00000000eb380000,0x00000000eb380000)
  from space 16384K, 56% used [0x00000000eb380000,0x00000000ebc9c490,0x00000000ec380000)
  to   space 15872K, 0% used [0x00000000eec80000,0x00000000eec80000,0x00000000efc00000)
 ParOldGen       total 157184K, used 50912K [0x00000000a0000000, 0x00000000a9980000, 0x00000000e0000000)
  object space 157184K, 32% used [0x00000000a0000000,0x00000000a31b83f0,0x00000000a9980000)
 Metaspace       used 63307K, capacity 66450K, committed 66648K, reserved 1105920K
  class space    used 8436K, capacity 9248K, committed 9344K, reserved 1048576K
Event: 52.720 GC heap after
Heap after GC invocations=19 (full 3):
 PSYoungGen      total 236544K, used 15846K [0x00000000e0000000, 0x00000000eff80000, 0x0000000100000000)
  eden space 220672K, 0% used [0x00000000e0000000,0x00000000e0000000,0x00000000ed780000)
  from space 15872K, 99% used [0x00000000eec80000,0x00000000efbf9bf0,0x00000000efc00000)
  to   space 20480K, 0% used [0x00000000ed780000,0x00000000ed780000,0x00000000eeb80000)
 ParOldGen       total 157184K, used 58019K [0x00000000a0000000, 0x00000000a9980000, 0x00000000e0000000)
  object space 157184K, 36% used [0x00000000a0000000,0x00000000a38a8c20,0x00000000a9980000)
 Metaspace       used 63307K, capacity 66450K, committed 66648K, reserved 1105920K
  class space    used 8436K, capacity 9248K, committed 9344K, reserved 1048576K
}

