# JRE version: OpenJDK Runtime Environment (8.0_152-b01) (build 1.8.0_152-release-915-b01)
# Java VM: OpenJDK 64-Bit Server VM (25.152-b01 mixed mode windows-amd64 compressed oops)
Heap:
 PSYoungGen      total 294912K, used 233111K [0x00000000e0000000, 0x00000000f5980000, 0x0000000100000000)
  eden space 261632K, 76% used [0x00000000e0000000,0x00000000ec361078,0x00000000eff80000)
  from space 33280K, 99% used [0x00000000f0900000,0x00000000f2944de0,0x00000000f2980000)
  to   space 46080K, 0% used [0x00000000f2c80000,0x00000000f2c80000,0x00000000f5980000)
 ParOldGen       total 163840K, used 44147K [0x00000000a0000000, 0x00000000aa000000, 0x00000000e0000000)
  object space 163840K, 26% used [0x00000000a0000000,0x00000000a2b1ce00,0x00000000aa000000)
 Metaspace       used 65758K, capacity 69208K, committed 69464K, reserved 1110016K
  class space    used 8574K, capacity 9339K, committed 9344K, reserved 1048576K
GC Heap History (10 events):
Event: 20.900 GC heap before
{Heap before GC invocations=16 (full 3):
 PSYoungGen      total 275456K, used 236544K [0x00000000e0000000, 0x00000000f3380000, 0x0000000100000000)
  eden space 236544K, 100% used [0x00000000e0000000,0x00000000ee700000,0x00000000ee700000)
  from space 38912K, 0% used [0x00000000f0b00000,0x00000000f0b00000,0x00000000f3100000)
  to   space 36864K, 0% used [0x00000000ee700000,0x00000000ee700000,0x00000000f0b00000)
 ParOldGen       total 163840K, used 44107K [0x00000000a0000000, 0x00000000aa000000, 0x00000000e0000000)
  object space 163840K, 26% used [0x00000000a0000000,0x00000000a2b12e00,0x00000000aa000000)
 Metaspace       used 58473K, capacity 60934K, committed 61144K, reserved 1101824K
  class space    used 7866K, capacity 8424K, committed 8448K, reserved 1048576K
Event: 20.911 GC heap after
Heap after GC invocations=16 (full 3):
 PSYoungGen      total 273408K, used 9562K [0x00000000e0000000, 0x00000000f6980000, 0x0000000100000000)
  eden space 236544K, 0% used [0x00000000e0000000,0x00000000e0000000,0x00000000ee700000)
  from space 36864K, 25% used [0x00000000ee700000,0x00000000ef056b30,0x00000000f0b00000)
  to   space 35840K, 0% used [0x00000000f4680000,0x00000000f4680000,0x00000000f6980000)
 ParOldGen       total 163840K, used 44115K [0x00000000a0000000, 0x00000000aa000000, 0x00000000e0000000)
  object space 163840K, 26% used [0x00000000a0000000,0x00000000a2b14e00,0x00000000aa000000)
 Metaspace       used 58473K, capacity 60934K, committed 61144K, reserved 1101824K
  class space    used 7866K, capacity 8424K, committed 8448K, reserved 1048576K
}
Event: 25.247 GC heap before
{Heap before GC invocations=17 (full 3):
 PSYoungGen      total 273408K, used 246106K [0x00000000e0000000, 0x00000000f6980000, 0x0000000100000000)
  eden space 236544K, 100% used [0x00000000e0000000,0x00000000ee700000,0x00000000ee700000)
  from space 36864K, 25% used [0x00000000ee700000,0x00000000ef056b30,0x00000000f0b00000)
  to   space 35840K, 0% used [0x00000000f4680000,0x00000000f4680000,0x00000000f6980000)
 ParOldGen       total 163840K, used 44115K [0x00000000a0000000, 0x00000000aa000000, 0x00000000e0000000)
  object space 163840K, 26% used [0x00000000a0000000,0x00000000a2b14e00,0x00000000aa000000)
 Metaspace       used 59471K, capacity 61978K, committed 62296K, reserved 1103872K
  class space    used 7982K, capacity 8548K, committed 8576K, reserved 1048576K
Event: 25.269 GC heap after
Heap after GC invocations=17 (full 3):
 PSYoungGen      total 323072K, used 21909K [0x00000000e0000000, 0x00000000f6480000, 0x0000000100000000)
  eden space 292352K, 0% used [0x00000000e0000000,0x00000000e0000000,0x00000000f1d80000)
  from space 30720K, 71% used [0x00000000f4680000,0x00000000f5be5690,0x00000000f6480000)
  to   space 36352K, 0% used [0x00000000f1d80000,0x00000000f1d80000,0x00000000f4100000)
 ParOldGen       total 163840K, used 44123K [0x00000000a0000000, 0x00000000aa000000, 0x00000000e0000000)
  object space 163840K, 26% used [0x00000000a0000000,0x00000000a2b16e00,0x00000000aa000000)
 Metaspace       used 59471K, capacity 61978K, committed 62296K, reserved 1103872K
  class space    used 7982K, capacity 8548K, committed 8576K, reserved 1048576K
}
Event: 8959.351 GC heap before
{Heap before GC invocations=18 (full 3):
 PSYoungGen      total 323072K, used 314261K [0x00000000e0000000, 0x00000000f6480000, 0x0000000100000000)
  eden space 292352K, 100% used [0x00000000e0000000,0x00000000f1d80000,0x00000000f1d80000)
  from space 30720K, 71% used [0x00000000f4680000,0x00000000f5be5690,0x00000000f6480000)
  to   space 36352K, 0% used [0x00000000f1d80000,0x00000000f1d80000,0x00000000f4100000)
 ParOldGen       total 163840K, used 44123K [0x00000000a0000000, 0x00000000aa000000, 0x00000000e0000000)
  object space 163840K, 26% used [0x00000000a0000000,0x00000000a2b16e00,0x00000000aa000000)
 Metaspace       used 64309K, capacity 67258K, committed 67544K, reserved 1107968K
  class space    used 8490K, capacity 9170K, committed 9216K, reserved 1048576K
Event: 8959.517 GC heap after
Heap after GC invocations=18 (full 3):
 PSYoungGen      total 307200K, used 25575K [0x00000000e0000000, 0x00000000f5d00000, 0x0000000100000000)
  eden space 281600K, 0% used [0x00000000e0000000,0x00000000e0000000,0x00000000f1300000)
  from space 25600K, 99% used [0x00000000f1d80000,0x00000000f3679dd0,0x00000000f3680000)
  to   space 37888K, 0% used [0x00000000f3800000,0x00000000f3800000,0x00000000f5d00000)
 ParOldGen       total 163840K, used 44131K [0x00000000a0000000, 0x00000000aa000000, 0x00000000e0000000)
  object space 163840K, 26% used [0x00000000a0000000,0x00000000a2b18e00,0x00000000aa000000)
 Metaspace       used 64309K, capacity 67258K, committed 67544K, reserved 1107968K
  class space    used 8490K, capacity 9170K, committed 9216K, reserved 1048576K
}
Event: 8968.578 GC heap before
{Heap before GC invocations=19 (full 3):
 PSYoungGen      total 307200K, used 307175K [0x00000000e0000000, 0x00000000f5d00000, 0x0000000100000000)
  eden space 281600K, 100% used [0x00000000e0000000,0x00000000f1300000,0x00000000f1300000)
  from space 25600K, 99% used [0x00000000f1d80000,0x00000000f3679dd0,0x00000000f3680000)
  to   space 37888K, 0% used [0x00000000f3800000,0x00000000f3800000,0x00000000f5d00000)
 ParOldGen       total 163840K, used 44131K [0x00000000a0000000, 0x00000000aa000000, 0x00000000e0000000)
  object space 163840K, 26% used [0x00000000a0000000,0x00000000a2b18e00,0x00000000aa000000)
 Metaspace       used 64951K, capacity 68076K, committed 68312K, reserved 1107968K
  class space    used 8512K, capacity 9207K, committed 9216K, reserved 1048576K
Event: 8968.613 GC heap after
Heap after GC invocations=19 (full 3):
 PSYoungGen      total 309248K, used 36531K [0x00000000e0000000, 0x00000000f5e00000, 0x0000000100000000)
  eden space 271360K, 0% used [0x00000000e0000000,0x00000000e0000000,0x00000000f0900000)
  from space 37888K, 96% used [0x00000000f3800000,0x00000000f5bacd40,0x00000000f5d00000)
  to   space 43520K, 0% used [0x00000000f0900000,0x00000000f0900000,0x00000000f3380000)
 ParOldGen       total 163840K, used 44139K [0x00000000a0000000, 0x00000000aa000000, 0x00000000e0000000)
  object space 163840K, 26% used [0x00000000a0000000,0x00000000a2b1ae00,0x00000000aa000000)
 Metaspace       used 64951K, capacity 68076K, committed 68312K, reserved 1107968K
  class space    used 8512K, capacity 9207K, committed 9216K, reserved 1048576K
}
Event: 8975.264 GC heap before
{Heap before GC invocations=20 (full 3):
 PSYoungGen      total 309248K, used 306284K [0x00000000e0000000, 0x00000000f5e00000, 0x0000000100000000)
  eden space 271360K, 99% used [0x00000000e0000000,0x00000000f076e4f8,0x00000000f0900000)
  from space 37888K, 96% used [0x00000000f3800000,0x00000000f5bacd40,0x00000000f5d00000)
  to   space 43520K, 0% used [0x00000000f0900000,0x00000000f0900000,0x00000000f3380000)
 ParOldGen       total 163840K, used 44139K [0x00000000a0000000, 0x00000000aa000000, 0x00000000e0000000)
  object space 163840K, 26% used [0x00000000a0000000,0x00000000a2b1ae00,0x00000000aa000000)
 Metaspace       used 65116K, capacity 68306K, committed 68440K, reserved 1107968K
  class space    used 8522K, capacity 9224K, committed 9344K, reserved 1048576K
Event: 8975.289 GC heap after
Heap after GC invocations=20 (full 3):
 PSYoungGen      total 294912K, used 33043K [0x00000000e0000000, 0x00000000f5980000, 0x0000000100000000)
  eden space 261632K, 0% used [0x00000000e0000000,0x00000000e0000000,0x00000000eff80000)
  from space 33280K, 99% used [0x00000000f0900000,0x00000000f2944de0,0x00000000f2980000)
  to   space 46080K, 0% used [0x00000000f2c80000,0x00000000f2c80000,0x00000000f5980000)
 ParOldGen       total 163840K, used 44147K [0x00000000a0000000, 0x00000000aa000000, 0x00000000e0000000)
  object space 163840K, 26% used [0x00000000a0000000,0x00000000a2b1ce00,0x00000000aa000000)
 Metaspace       used 65116K, capacity 68306K, committed 68440K, reserved 1107968K
  class space    used 8522K, capacity 9224K, committed 9344K, reserved 1048576K
}

